2019-08-08 14:00:18,357 Checking if TLJH is already installed...
2019-08-08 14:00:18,357 Setting up hub environment
2019-08-08 14:02:27,433 Installed python & virtual environment
2019-08-08 14:02:29,283 Set up hub virtual environment
2019-08-08 14:02:29,283 Setting up TLJH installer...
2019-08-08 14:03:19,840 Setup tljh package
2019-08-08 14:03:19,840 Starting TLJH installer...
2019-08-08 14:03:20,513 Setting up admin users
2019-08-08 14:03:20,641 Granting passwordless sudo to JupyterHub admins...
2019-08-08 14:03:20,641 Setting up user environment...
2019-08-08 14:03:20,643 Downloading & setting up user environment...
2019-08-08 14:06:26,624 Setting up JupyterHub...
2019-08-08 14:11:35,669 Waiting for JupyterHub to come up (1/20 tries)
2019-08-08 14:11:35,675 Done!
2019-08-08 15:59:52,829 Checking if TLJH is already installed...
2019-08-08 15:59:52,829 TLJH already installed, upgrading...
2019-08-08 15:59:52,829 Upgrading TLJH installer...
2019-08-08 16:00:04,057 Setup tljh package
2019-08-08 16:00:04,058 Starting TLJH installer...
2019-08-08 16:02:23,039 Checking if TLJH is already installed...
2019-08-08 16:02:23,039 TLJH already installed, upgrading...
2019-08-08 16:02:23,039 Upgrading TLJH installer...
2019-08-08 16:02:31,104 Setup tljh package
2019-08-08 16:02:31,104 Starting TLJH installer...
2019-08-08 16:03:10,815 Checking if TLJH is already installed...
2019-08-08 16:03:10,815 TLJH already installed, upgrading...
2019-08-08 16:03:10,815 Upgrading TLJH installer...
2019-08-08 16:03:18,774 Setup tljh package
2019-08-08 16:03:18,774 Starting TLJH installer...
2019-08-08 16:03:19,216 Setting up admin users
2019-08-08 16:03:19,224 Granting passwordless sudo to JupyterHub admins...
2019-08-08 16:03:19,224 Setting up user environment...
2019-08-08 16:04:31,936 Setting up JupyterHub...
2019-08-08 16:06:38,628 Waiting for JupyterHub to come up (1/20 tries)
2019-08-08 16:06:38,635 Done!
